{
  "RSpec": {
    "coverage": {
      "/Users/irinabaldwin/Dropbox/Projects/acebook-gracebook/app/controllers/comments_controller.rb": [
        null,
        null,
        null,
        1,
        1,
        null,
        6,
        null,
        null,
        1,
        6,
        null,
        null,
        6,
        null,
        null,
        1,
        3,
        3,
        1,
        2,
        1,
        null,
        null,
        null,
        1,
        1,
        1,
        null,
        null,
        1,
        2,
        2,
        1,
        null,
        1,
        1,
        null,
        2,
        null,
        null,
        1,
        null,
        1,
        7,
        null,
        null
      ],
      "/Users/irinabaldwin/Dropbox/Projects/acebook-gracebook/app/controllers/application_controller.rb": [
        null,
        null,
        1,
        1,
        1,
        1,
        1,
        null
      ],
      "/Users/irinabaldwin/Dropbox/Projects/acebook-gracebook/app/controllers/posts_controller.rb": [
        null,
        null,
        1,
        1,
        null,
        1,
        17,
        null,
        null,
        1,
        17,
        null,
        17,
        null,
        null,
        1,
        61,
        null,
        null,
        1,
        3,
        3,
        1,
        2,
        1,
        null,
        null,
        null,
        1,
        1,
        1,
        null,
        null,
        1,
        2,
        2,
        1,
        null,
        1,
        null,
        2,
        null,
        null,
        1,
        null,
        1,
        18,
        null,
        null,
        1,
        99,
        null,
        null
      ],
      "/Users/irinabaldwin/Dropbox/Projects/acebook-gracebook/app/controllers/sessions_controller.rb": [
        null,
        null,
        null,
        1,
        1,
        null,
        1,
        5,
        5,
        1,
        1,
        null,
        4,
        4,
        null,
        null,
        null,
        1,
        8,
        8,
        null,
        null
      ],
      "/Users/irinabaldwin/Dropbox/Projects/acebook-gracebook/app/controllers/users_controller.rb": [
        null,
        null,
        null,
        1,
        1,
        null,
        1,
        22,
        null,
        null,
        1,
        34,
        null,
        null,
        1,
        23,
        23,
        21,
        21,
        21,
        null,
        2,
        null,
        null,
        null,
        1,
        null,
        1,
        23,
        null,
        null,
        null,
        1,
        23,
        null,
        null
      ],
      "/Users/irinabaldwin/Dropbox/Projects/acebook-gracebook/app/models/comment.rb": [
        null,
        null,
        null,
        1,
        1,
        1,
        null
      ],
      "/Users/irinabaldwin/Dropbox/Projects/acebook-gracebook/app/models/application_record.rb": [
        null,
        null,
        1,
        1,
        null
      ],
      "/Users/irinabaldwin/Dropbox/Projects/acebook-gracebook/app/models/user.rb": [
        null,
        null,
        null,
        1,
        1,
        1,
        25,
        1,
        1,
        1,
        null,
        null,
        1,
        1,
        null
      ],
      "/Users/irinabaldwin/Dropbox/Projects/acebook-gracebook/app/models/post.rb": [
        null,
        null,
        null,
        1,
        1,
        1,
        null
      ],
      "/Users/irinabaldwin/Dropbox/Projects/acebook-gracebook/app/mailers/application_mailer.rb": [
        null,
        null,
        null,
        null,
        null,
        null
      ],
      "/Users/irinabaldwin/Dropbox/Projects/acebook-gracebook/app/jobs/application_job.rb": [
        null,
        null,
        null,
        null
      ],
      "/Users/irinabaldwin/Dropbox/Projects/acebook-gracebook/app/channels/application_cable/connection.rb": [
        null,
        null,
        null,
        null,
        null,
        null
      ],
      "/Users/irinabaldwin/Dropbox/Projects/acebook-gracebook/app/channels/application_cable/channel.rb": [
        null,
        null,
        null,
        null,
        null,
        null
      ]
    },
    "timestamp": 1543242281
  }
}
