{
  "RSpec": {
    "coverage": {
      "/Users/robin/Projects/acebook-gracebook/spec/controllers/posts_controller_spec.rb": [
        null,
        null,
        1,
        null,
        1,
        1,
        3,
        null,
        1,
        1,
        1,
        1,
        null,
        null,
        null,
        1,
        1,
        1,
        1,
        null,
        null,
        null,
        1,
        1,
        1,
        1,
        null,
        null,
        null
      ],
      "/Users/robin/Projects/acebook-gracebook/config/environment.rb": [
        null,
        null,
        null,
        1,
        null,
        null,
        1
      ],
      "/Users/robin/Projects/acebook-gracebook/config/application.rb": [
        null,
        null,
        1,
        null,
        1,
        null,
        null,
        null,
        1,
        null,
        1,
        1,
        null,
        1,
        null,
        null,
        null,
        null,
        null,
        null
      ],
      "/Users/robin/Projects/acebook-gracebook/config/boot.rb": [
        null,
        null,
        1,
        null,
        1
      ],
      "/Users/robin/Projects/acebook-gracebook/config/environments/test.rb": [
        null,
        null,
        1,
        null,
        null,
        null,
        null,
        null,
        null,
        1,
        null,
        null,
        null,
        null,
        1,
        null,
        null,
        1,
        1,
        null,
        null,
        null,
        null,
        1,
        1,
        null,
        null,
        1,
        null,
        null,
        1,
        1,
        null,
        null,
        null,
        null,
        1,
        null,
        null,
        1,
        null,
        null,
        null,
        null
      ],
      "/Users/robin/Projects/acebook-gracebook/config/initializers/application_controller_renderer.rb": [
        null,
        null,
        null,
        null,
        null,
        null,
        null,
        null
      ],
      "/Users/robin/Projects/acebook-gracebook/config/initializers/assets.rb": [
        null,
        null,
        null,
        null,
        null,
        1,
        null,
        null,
        null,
        null,
        1,
        null,
        null,
        null,
        null,
        null
      ],
      "/Users/robin/Projects/acebook-gracebook/config/initializers/backtrace_silencers.rb": [
        null,
        null,
        null,
        null,
        null,
        null,
        null,
        null,
        null
      ],
      "/Users/robin/Projects/acebook-gracebook/config/initializers/cookies_serializer.rb": [
        null,
        null,
        null,
        null,
        null,
        null,
        1
      ],
      "/Users/robin/Projects/acebook-gracebook/config/initializers/filter_parameter_logging.rb": [
        null,
        null,
        null,
        null,
        null,
        1
      ],
      "/Users/robin/Projects/acebook-gracebook/config/initializers/inflections.rb": [
        null,
        null,
        null,
        null,
        null,
        null,
        null,
        null,
        null,
        null,
        null,
        null,
        null,
        null,
        null,
        null,
        null,
        null
      ],
      "/Users/robin/Projects/acebook-gracebook/config/initializers/mime_types.rb": [
        null,
        null,
        null,
        null,
        null,
        null
      ],
      "/Users/robin/Projects/acebook-gracebook/config/initializers/wrap_parameters.rb": [
        null,
        null,
        null,
        null,
        null,
        null,
        null,
        null,
        1,
        2,
        null,
        null,
        null,
        null,
        null,
        null
      ],
      "/Users/robin/Projects/acebook-gracebook/config/routes.rb": [
        null,
        null,
        1,
        1,
        1,
        1,
        1,
        1,
        1,
        1,
        null
      ],
      "/Users/robin/Projects/acebook-gracebook/app/controllers/posts_controller.rb": [
        null,
        null,
        1,
        1,
        1,
        9,
        null,
        null,
        1,
        9,
        9,
        null,
        null,
        1,
        21,
        null,
        null,
        1,
        1,
        null,
        null,
        1,
        1,
        1,
        null,
        null,
        1,
        2,
        2,
        1,
        null,
        1,
        null,
        2,
        null,
        null,
        1,
        null,
        1,
        10,
        null,
        null,
        1,
        41,
        1,
        1,
        null,
        null,
        null,
        null
      ],
      "/Users/robin/Projects/acebook-gracebook/app/controllers/application_controller.rb": [
        null,
        null,
        1,
        1,
        1,
        null
      ],
      "/Users/robin/Projects/acebook-gracebook/spec/controllers/sessions_controller_spec.rb": [
        1,
        null,
        1,
        null,
        1,
        1,
        1,
        1,
        null,
        null,
        null,
        null
      ],
      "/Users/robin/Projects/acebook-gracebook/app/controllers/sessions_controller.rb": [
        null,
        null,
        null,
        1,
        1,
        null,
        1,
        4,
        4,
        1,
        1,
        null,
        3,
        3,
        null,
        null,
        null,
        1,
        2,
        2,
        null,
        null
      ],
      "/Users/robin/Projects/acebook-gracebook/spec/controllers/users_controller_spec.rb": [
        null,
        null,
        1,
        null,
        1,
        1,
        1,
        1,
        1,
        null,
        null,
        null
      ],
      "/Users/robin/Projects/acebook-gracebook/app/controllers/users_controller.rb": [
        null,
        null,
        null,
        1,
        1,
        8,
        null,
        null,
        1,
        14,
        null,
        null,
        1,
        9,
        9,
        7,
        7,
        7,
        null,
        2,
        null,
        null,
        null,
        1,
        null,
        1,
        9,
        null,
        null,
        null
      ],
      "/Users/robin/Projects/acebook-gracebook/spec/features/authentication_spec.rb": [
        1,
        1,
        1,
        1,
        null,
        null,
        null
      ],
      "/Users/robin/Projects/acebook-gracebook/spec/features/newest_post_first_spec.rb": [
        null,
        null,
        1,
        null,
        1,
        null,
        1,
        1,
        1,
        1,
        1,
        1,
        1,
        null,
        null,
        1,
        1,
        1,
        1,
        1,
        1,
        1,
        1,
        null,
        null
      ],
      "/Users/robin/Projects/acebook-gracebook/spec/features/user_can_delete_post_spec.rb": [
        null,
        null,
        1,
        null,
        1,
        1,
        1,
        1,
        1,
        1,
        1,
        1,
        1,
        null,
        null,
        1,
        1,
        1,
        1,
        1,
        1,
        1,
        1,
        1,
        null,
        null
      ],
      "/Users/robin/Projects/acebook-gracebook/spec/features/user_can_log_in_spec.rb": [
        1,
        1,
        null,
        1,
        1,
        1,
        1,
        1,
        1,
        null,
        null,
        1,
        1,
        1,
        1,
        1,
        1,
        1,
        null,
        null
      ],
      "/Users/robin/Projects/acebook-gracebook/spec/features/user_can_submit_posts_spec.rb": [
        null,
        null,
        1,
        null,
        1,
        1,
        1,
        1,
        1,
        1,
        1,
        1,
        1,
        null,
        null,
        null
      ],
      "/Users/robin/Projects/acebook-gracebook/spec/features/user_can_update_post_spec.rb": [
        null,
        null,
        1,
        null,
        1,
        1,
        1,
        1,
        1,
        1,
        1,
        1,
        1,
        1,
        1,
        1,
        null,
        null
      ],
      "/Users/robin/Projects/acebook-gracebook/spec/models/post_spec.rb": [
        null,
        null,
        1,
        null,
        1,
        1,
        1,
        1,
        null,
        null
      ],
      "/Users/robin/Projects/acebook-gracebook/spec/models/posts_associations_spec.rb": [
        1,
        null,
        1,
        1,
        1,
        1,
        null,
        null
      ],
      "/Users/robin/Projects/acebook-gracebook/spec/models/user_associations_spec.rb": [
        1,
        null,
        1,
        1,
        1,
        1,
        null,
        null
      ],
      "/Users/robin/Projects/acebook-gracebook/spec/models/user_spec.rb": [
        null,
        null,
        1,
        null,
        1,
        1,
        9,
        null,
        null,
        1,
        1,
        1,
        null,
        1,
        1,
        1,
        null,
        1,
        1,
        1,
        null,
        1,
        1,
        1,
        null,
        1,
        1,
        1,
        null,
        1,
        1,
        1,
        1,
        1,
        null,
        1,
        1,
        1,
        1,
        1,
        null,
        1,
        1,
        1,
        null,
        1,
        1,
        1,
        null,
        null,
        null
      ],
      "/Users/robin/Projects/acebook-gracebook/app/models/user.rb": [
        null,
        null,
        null,
        1,
        1,
        10,
        1,
        1,
        1,
        null,
        null,
        1,
        1,
        null
      ],
      "/Users/robin/Projects/acebook-gracebook/app/models/application_record.rb": [
        null,
        null,
        1,
        1,
        null
      ],
      "/Users/robin/Projects/acebook-gracebook/spec/requests/users_logins_spec.rb": [
        1,
        null,
        1,
        1,
        1,
        1,
        1,
        null,
        null,
        null,
        null,
        1,
        1,
        1,
        null,
        1,
        1,
        1,
        null,
        null,
        null,
        null,
        1,
        1,
        null,
        null,
        null
      ],
      "/Users/robin/Projects/acebook-gracebook/spec/requests/users_signups_spec.rb": [
        1,
        1,
        null,
        1,
        1,
        1,
        1,
        1,
        null,
        null,
        null,
        null,
        null,
        null,
        1,
        null,
        null,
        null,
        null
      ],
      "/Users/robin/Projects/acebook-gracebook/spec/views/sessions/new.html.erb_spec.rb": [
        1,
        null,
        1,
        1,
        null
      ],
      "/Users/robin/Projects/acebook-gracebook/spec/views/users/new.html.erb_spec.rb": [
        null,
        null,
        1,
        null,
        1,
        1,
        null
      ],
      "/Users/robin/Projects/acebook-gracebook/app/models/post.rb": [
        null,
        null,
        null,
        1,
        1,
        null
      ]
    },
    "timestamp": 1542809685
  }
}
